<?xml version="1.0" encoding="UTF-8" ?>
<testsuite failures="1" time="1.654" errors="1" skipped="0" tests="2" name="list.MailListTest">
  <properties>
    <property name="java.runtime.name" value="Java(TM) SE Runtime Environment"/>
    <property name="sun.boot.library.path" value="D:\Genuitec\Common\binary\com.sun.java.jdk.win32.x86_1.6.0.013\jre\bin"/>
    <property name="java.vm.version" value="11.3-b02"/>
    <property name="java.vm.vendor" value="Sun Microsystems Inc."/>
    <property name="java.vendor.url" value="http://java.sun.com/"/>
    <property name="path.separator" value=";"/>
    <property name="java.vm.name" value="Java HotSpot(TM) Client VM"/>
    <property name="file.encoding.pkg" value="sun.io"/>
    <property name="user.country" value="CN"/>
    <property name="sun.java.launcher" value="SUN_STANDARD"/>
    <property name="sun.os.patch.level" value=""/>
    <property name="java.vm.specification.name" value="Java Virtual Machine Specification"/>
    <property name="user.dir" value="E:\workspace8.5\list"/>
    <property name="java.runtime.version" value="1.6.0_13-b03"/>
    <property name="java.awt.graphicsenv" value="sun.awt.Win32GraphicsEnvironment"/>
    <property name="basedir" value="E:\workspace8.5\list"/>
    <property name="java.endorsed.dirs" value="D:\Genuitec\Common\binary\com.sun.java.jdk.win32.x86_1.6.0.013\jre\lib\endorsed"/>
    <property name="os.arch" value="x86"/>
    <property name="surefire.real.class.path" value="C:\Users\howard\AppData\Local\Temp\surefirebooter7069419324905052586.jar"/>
    <property name="java.io.tmpdir" value="C:\Users\howard\AppData\Local\Temp\"/>
    <property name="line.separator" value="
"/>
    <property name="java.vm.specification.vendor" value="Sun Microsystems Inc."/>
    <property name="user.variant" value=""/>
    <property name="os.name" value="Windows Vista"/>
    <property name="sun.jnu.encoding" value="GBK"/>
    <property name="java.library.path" value="D:\Genuitec\Common\binary\com.sun.java.jdk.win32.x86_1.6.0.013\jre\bin;.;C:\Windows\Sun\Java\bin;C:\Windows\system32;C:\Windows;D:/Genuitec/Common/binary/com.sun.java.jdk.win32.x86_1.6.0.013/jre/bin/client;D:/Genuitec/Common/binary/com.sun.java.jdk.win32.x86_1.6.0.013/jre/bin;d:\oracle\product\10.2.0\client_1\bin;C:\Windows\system32;C:\Windows;C:\Windows\System32\Wbem;C:\Windows\System32\WindowsPowerShell\v1.0\;d:\SecureCRT\;C:\Program Files\Common Files\Thunder Network\KanKan\Codecs;D:\Program Files\ATI Technologies\ATI.ACE\Core-Static;C:\Program Files\CVSNT\;D:\IDM Computer Solutions\UltraEdit\;D:\IDM Computer Solutions\UltraCompare\"/>
    <property name="surefire.test.class.path" value="E:\workspace8.5\list\target\test-classes;E:\workspace8.5\list\target\classes;C:\Users\howard\.m2\repository\commons-httpclient\commons-httpclient\3.1\commons-httpclient-3.1.jar;C:\Users\howard\.m2\repository\commons-logging\commons-logging\1.0.4\commons-logging-1.0.4.jar;C:\Users\howard\.m2\repository\commons-codec\commons-codec\1.2\commons-codec-1.2.jar;C:\Users\howard\.m2\repository\junit\junit\4.8.1\junit-4.8.1.jar;C:\Users\howard\.m2\repository\net\sf\json-lib\json-lib\2.4\json-lib-2.4-jdk15.jar;C:\Users\howard\.m2\repository\commons-beanutils\commons-beanutils\1.8.0\commons-beanutils-1.8.0.jar;C:\Users\howard\.m2\repository\commons-collections\commons-collections\3.2.1\commons-collections-3.2.1.jar;C:\Users\howard\.m2\repository\commons-lang\commons-lang\2.5\commons-lang-2.5.jar;C:\Users\howard\.m2\repository\net\sf\ezmorph\ezmorph\1.0.6\ezmorph-1.0.6.jar;"/>
    <property name="java.specification.name" value="Java Platform API Specification"/>
    <property name="java.class.version" value="50.0"/>
    <property name="sun.management.compiler" value="HotSpot Client Compiler"/>
    <property name="os.version" value="6.1"/>
    <property name="user.home" value="C:\Users\howard"/>
    <property name="user.timezone" value="Asia/Shanghai"/>
    <property name="java.awt.printerjob" value="sun.awt.windows.WPrinterJob"/>
    <property name="java.specification.version" value="1.6"/>
    <property name="file.encoding" value="GBK"/>
    <property name="user.name" value="howard"/>
    <property name="java.class.path" value="E:\workspace8.5\list\target\test-classes;E:\workspace8.5\list\target\classes;C:\Users\howard\.m2\repository\commons-httpclient\commons-httpclient\3.1\commons-httpclient-3.1.jar;C:\Users\howard\.m2\repository\commons-logging\commons-logging\1.0.4\commons-logging-1.0.4.jar;C:\Users\howard\.m2\repository\commons-codec\commons-codec\1.2\commons-codec-1.2.jar;C:\Users\howard\.m2\repository\junit\junit\4.8.1\junit-4.8.1.jar;C:\Users\howard\.m2\repository\net\sf\json-lib\json-lib\2.4\json-lib-2.4-jdk15.jar;C:\Users\howard\.m2\repository\commons-beanutils\commons-beanutils\1.8.0\commons-beanutils-1.8.0.jar;C:\Users\howard\.m2\repository\commons-collections\commons-collections\3.2.1\commons-collections-3.2.1.jar;C:\Users\howard\.m2\repository\commons-lang\commons-lang\2.5\commons-lang-2.5.jar;C:\Users\howard\.m2\repository\net\sf\ezmorph\ezmorph\1.0.6\ezmorph-1.0.6.jar;"/>
    <property name="java.vm.specification.version" value="1.0"/>
    <property name="sun.arch.data.model" value="32"/>
    <property name="java.home" value="D:\Genuitec\Common\binary\com.sun.java.jdk.win32.x86_1.6.0.013\jre"/>
    <property name="java.specification.vendor" value="Sun Microsystems Inc."/>
    <property name="user.language" value="zh"/>
    <property name="awt.toolkit" value="sun.awt.windows.WToolkit"/>
    <property name="java.vm.info" value="mixed mode"/>
    <property name="java.version" value="1.6.0_13"/>
    <property name="java.ext.dirs" value="D:\Genuitec\Common\binary\com.sun.java.jdk.win32.x86_1.6.0.013\jre\lib\ext;C:\Windows\Sun\Java\lib\ext"/>
    <property name="sun.boot.class.path" value="D:\Genuitec\Common\binary\com.sun.java.jdk.win32.x86_1.6.0.013\jre\lib\resources.jar;D:\Genuitec\Common\binary\com.sun.java.jdk.win32.x86_1.6.0.013\jre\lib\rt.jar;D:\Genuitec\Common\binary\com.sun.java.jdk.win32.x86_1.6.0.013\jre\lib\sunrsasign.jar;D:\Genuitec\Common\binary\com.sun.java.jdk.win32.x86_1.6.0.013\jre\lib\jsse.jar;D:\Genuitec\Common\binary\com.sun.java.jdk.win32.x86_1.6.0.013\jre\lib\jce.jar;D:\Genuitec\Common\binary\com.sun.java.jdk.win32.x86_1.6.0.013\jre\lib\charsets.jar;D:\Genuitec\Common\binary\com.sun.java.jdk.win32.x86_1.6.0.013\jre\classes"/>
    <property name="java.vendor" value="Sun Microsystems Inc."/>
    <property name="localRepository" value="C:\Users\howard\.m2\repository"/>
    <property name="file.separator" value="\"/>
    <property name="java.vendor.url.bug" value="http://java.sun.com/cgi-bin/bugreport.cgi"/>
    <property name="sun.cpu.endian" value="little"/>
    <property name="sun.io.unicode.encoding" value="UnicodeLittle"/>
    <property name="sun.desktop" value="windows"/>
    <property name="sun.cpu.isalist" value="pentium_pro+mmx pentium_pro pentium+mmx pentium i486 i386 i86"/>
  </properties>
  <testcase time="0.671" classname="list.MailListTest" name="test163GetContactList">
    <failure message="expected:&lt;....netease.com&apos;,&apos;FN&apos;:&apos;[缃戞槗閭欢涓績&apos;,&apos;rev&apos;:1}]},{&apos;code&apos;:&apos;S_OK&apos;,&apos;var&apos;:[]},{&apos;code&apos;:&apos;S_OK&apos;,&apos;var&apos;:[{&apos;id&apos;:&apos;FRIENDS&apos;,&apos;name&apos;:&apos;鏈嬪弸&apos;,&apos;reserved&apos;:true,&apos;rev&apos;:0},{&apos;id&apos;:&apos;FAMILY&apos;,&apos;name&apos;:&apos;浜蹭汉&apos;,&apos;reserved&apos;:true,&apos;rev&apos;:0},{&apos;id&apos;:&apos;COWORKERS&apos;,&apos;name&apos;:&apos;鍚屼簨&apos;,&apos;reserved&apos;:true,&apos;rev&apos;:0},{&apos;id&apos;:&apos;NETFRIENDS&apos;,&apos;name&apos;:&apos;缃戝弸&apos;,&apos;reserved&apos;:true,&apos;rev&apos;:0},{&apos;id&apos;:&apos;RECENT&apos;,&apos;name&apos;:&apos;甯哥敤鑱旂郴浜�],&apos;reserved&apos;:true,&apos;re...&gt; but was:&lt;....netease.com&apos;,&apos;FN&apos;:&apos;[网易邮件中心&apos;,&apos;rev&apos;:1}]},{&apos;code&apos;:&apos;S_OK&apos;,&apos;var&apos;:[]},{&apos;code&apos;:&apos;S_OK&apos;,&apos;var&apos;:[{&apos;id&apos;:&apos;FRIENDS&apos;,&apos;name&apos;:&apos;朋友&apos;,&apos;reserved&apos;:true,&apos;rev&apos;:0},{&apos;id&apos;:&apos;FAMILY&apos;,&apos;name&apos;:&apos;亲人&apos;,&apos;reserved&apos;:true,&apos;rev&apos;:0},{&apos;id&apos;:&apos;COWORKERS&apos;,&apos;name&apos;:&apos;同事&apos;,&apos;reserved&apos;:true,&apos;rev&apos;:0},{&apos;id&apos;:&apos;NETFRIENDS&apos;,&apos;name&apos;:&apos;网友&apos;,&apos;reserved&apos;:true,&apos;rev&apos;:0},{&apos;id&apos;:&apos;RECENT&apos;,&apos;name&apos;:&apos;常用联系人&apos;],&apos;reserved&apos;:true,&apos;re...&gt;" type="org.junit.ComparisonFailure">org.junit.ComparisonFailure: expected:&lt;....netease.com&apos;,&apos;FN&apos;:&apos;[缃戞槗閭欢涓績&apos;,&apos;rev&apos;:1}]},{&apos;code&apos;:&apos;S_OK&apos;,&apos;var&apos;:[]},{&apos;code&apos;:&apos;S_OK&apos;,&apos;var&apos;:[{&apos;id&apos;:&apos;FRIENDS&apos;,&apos;name&apos;:&apos;鏈嬪弸&apos;,&apos;reserved&apos;:true,&apos;rev&apos;:0},{&apos;id&apos;:&apos;FAMILY&apos;,&apos;name&apos;:&apos;浜蹭汉&apos;,&apos;reserved&apos;:true,&apos;rev&apos;:0},{&apos;id&apos;:&apos;COWORKERS&apos;,&apos;name&apos;:&apos;鍚屼簨&apos;,&apos;reserved&apos;:true,&apos;rev&apos;:0},{&apos;id&apos;:&apos;NETFRIENDS&apos;,&apos;name&apos;:&apos;缃戝弸&apos;,&apos;reserved&apos;:true,&apos;rev&apos;:0},{&apos;id&apos;:&apos;RECENT&apos;,&apos;name&apos;:&apos;甯哥敤鑱旂郴浜�],&apos;reserved&apos;:true,&apos;re...&gt; but was:&lt;....netease.com&apos;,&apos;FN&apos;:&apos;[网易邮件中心&apos;,&apos;rev&apos;:1}]},{&apos;code&apos;:&apos;S_OK&apos;,&apos;var&apos;:[]},{&apos;code&apos;:&apos;S_OK&apos;,&apos;var&apos;:[{&apos;id&apos;:&apos;FRIENDS&apos;,&apos;name&apos;:&apos;朋友&apos;,&apos;reserved&apos;:true,&apos;rev&apos;:0},{&apos;id&apos;:&apos;FAMILY&apos;,&apos;name&apos;:&apos;亲人&apos;,&apos;reserved&apos;:true,&apos;rev&apos;:0},{&apos;id&apos;:&apos;COWORKERS&apos;,&apos;name&apos;:&apos;同事&apos;,&apos;reserved&apos;:true,&apos;rev&apos;:0},{&apos;id&apos;:&apos;NETFRIENDS&apos;,&apos;name&apos;:&apos;网友&apos;,&apos;reserved&apos;:true,&apos;rev&apos;:0},{&apos;id&apos;:&apos;RECENT&apos;,&apos;name&apos;:&apos;常用联系人&apos;],&apos;reserved&apos;:true,&apos;re...&gt;
	at org.junit.Assert.assertEquals(Assert.java:123)
	at org.junit.Assert.assertEquals(Assert.java:145)
	at list.MailListTest.test163GetContactList(MailListTest.java:14)
	at sun.reflect.NativeMethodAccessorImpl.invoke0(Native Method)
	at sun.reflect.NativeMethodAccessorImpl.invoke(NativeMethodAccessorImpl.java:39)
	at sun.reflect.DelegatingMethodAccessorImpl.invoke(DelegatingMethodAccessorImpl.java:25)
	at java.lang.reflect.Method.invoke(Method.java:597)
	at org.junit.runners.model.FrameworkMethod$1.runReflectiveCall(FrameworkMethod.java:44)
	at org.junit.internal.runners.model.ReflectiveCallable.run(ReflectiveCallable.java:15)
	at org.junit.runners.model.FrameworkMethod.invokeExplosively(FrameworkMethod.java:41)
	at org.junit.internal.runners.statements.InvokeMethod.evaluate(InvokeMethod.java:20)
	at org.junit.runners.BlockJUnit4ClassRunner.runChild(BlockJUnit4ClassRunner.java:76)
	at org.junit.runners.BlockJUnit4ClassRunner.runChild(BlockJUnit4ClassRunner.java:50)
	at org.junit.runners.ParentRunner$3.run(ParentRunner.java:193)
	at org.junit.runners.ParentRunner$1.schedule(ParentRunner.java:52)
	at org.junit.runners.ParentRunner.runChildren(ParentRunner.java:191)
	at org.junit.runners.ParentRunner.access$000(ParentRunner.java:42)
	at org.junit.runners.ParentRunner$2.evaluate(ParentRunner.java:184)
	at org.junit.runners.ParentRunner.run(ParentRunner.java:236)
	at org.apache.maven.surefire.junit4.JUnit4TestSet.execute(JUnit4TestSet.java:62)
	at org.apache.maven.surefire.suite.AbstractDirectoryTestSuite.executeTestSet(AbstractDirectoryTestSuite.java:140)
	at org.apache.maven.surefire.suite.AbstractDirectoryTestSuite.execute(AbstractDirectoryTestSuite.java:127)
	at org.apache.maven.surefire.Surefire.run(Surefire.java:177)
	at sun.reflect.NativeMethodAccessorImpl.invoke0(Native Method)
	at sun.reflect.NativeMethodAccessorImpl.invoke(NativeMethodAccessorImpl.java:39)
	at sun.reflect.DelegatingMethodAccessorImpl.invoke(DelegatingMethodAccessorImpl.java:25)
	at java.lang.reflect.Method.invoke(Method.java:597)
	at org.apache.maven.surefire.booter.SurefireBooter.runSuitesInProcess(SurefireBooter.java:345)
	at org.apache.maven.surefire.booter.SurefireBooter.main(SurefireBooter.java:1009)
</failure>
  </testcase>
  <testcase time="0.889" classname="list.MailListTest" name="test163GetContactList2">
    <error message="Expected a &apos;,&apos; or &apos;}&apos; at character 435 of {&apos;code&apos;:&apos;S_OK&apos;,&apos;var&apos;:[{&apos;code&apos;:&apos;S_OK&apos;,&apos;var&apos;:[{&apos;id&apos;:&apos;0&apos;,&apos;groups&apos;:[],&apos;EMAIL;PREF&apos;:&apos;mail@service.netease.com&apos;,&apos;FN&apos;:&apos;缃戞槗閭欢涓績&apos;,&apos;rev&apos;:1}]},{&apos;code&apos;:&apos;S_OK&apos;,&apos;var&apos;:[]},{&apos;code&apos;:&apos;S_OK&apos;,&apos;var&apos;:[{&apos;id&apos;:&apos;FRIENDS&apos;,&apos;name&apos;:&apos;鏈嬪弸&apos;,&apos;reserved&apos;:true,&apos;rev&apos;:0},{&apos;id&apos;:&apos;FAMILY&apos;,&apos;name&apos;:&apos;浜蹭汉&apos;,&apos;reserved&apos;:true,&apos;rev&apos;:0},{&apos;id&apos;:&apos;COWORKERS&apos;,&apos;name&apos;:&apos;鍚屼簨&apos;,&apos;reserved&apos;:true,&apos;rev&apos;:0},{&apos;id&apos;:&apos;NETFRIENDS&apos;,&apos;name&apos;:&apos;缃戝弸&apos;,&apos;reserved&apos;:true,&apos;rev&apos;:0},{&apos;id&apos;:&apos;RECENT&apos;,&apos;name&apos;:&apos;甯哥敤鑱旂郴浜�,&apos;reserved&apos;:true,&apos;rev&apos;:0}]}]}" type="net.sf.json.JSONException">net.sf.json.JSONException: Expected a &apos;,&apos; or &apos;}&apos; at character 435 of {&apos;code&apos;:&apos;S_OK&apos;,&apos;var&apos;:[{&apos;code&apos;:&apos;S_OK&apos;,&apos;var&apos;:[{&apos;id&apos;:&apos;0&apos;,&apos;groups&apos;:[],&apos;EMAIL;PREF&apos;:&apos;mail@service.netease.com&apos;,&apos;FN&apos;:&apos;缃戞槗閭欢涓績&apos;,&apos;rev&apos;:1}]},{&apos;code&apos;:&apos;S_OK&apos;,&apos;var&apos;:[]},{&apos;code&apos;:&apos;S_OK&apos;,&apos;var&apos;:[{&apos;id&apos;:&apos;FRIENDS&apos;,&apos;name&apos;:&apos;鏈嬪弸&apos;,&apos;reserved&apos;:true,&apos;rev&apos;:0},{&apos;id&apos;:&apos;FAMILY&apos;,&apos;name&apos;:&apos;浜蹭汉&apos;,&apos;reserved&apos;:true,&apos;rev&apos;:0},{&apos;id&apos;:&apos;COWORKERS&apos;,&apos;name&apos;:&apos;鍚屼簨&apos;,&apos;reserved&apos;:true,&apos;rev&apos;:0},{&apos;id&apos;:&apos;NETFRIENDS&apos;,&apos;name&apos;:&apos;缃戝弸&apos;,&apos;reserved&apos;:true,&apos;rev&apos;:0},{&apos;id&apos;:&apos;RECENT&apos;,&apos;name&apos;:&apos;甯哥敤鑱旂郴浜�,&apos;reserved&apos;:true,&apos;rev&apos;:0}]}]}
	at net.sf.json.util.JSONTokener.syntaxError(JSONTokener.java:499)
	at net.sf.json.JSONObject._fromJSONTokener(JSONObject.java:1099)
	at net.sf.json.JSONObject.fromObject(JSONObject.java:159)
	at net.sf.json.util.JSONTokener.nextValue(JSONTokener.java:348)
	at net.sf.json.JSONArray._fromJSONTokener(JSONArray.java:1131)
	at net.sf.json.JSONArray.fromObject(JSONArray.java:125)
	at net.sf.json.util.JSONTokener.nextValue(JSONTokener.java:351)
	at net.sf.json.JSONObject._fromJSONTokener(JSONObject.java:1008)
	at net.sf.json.JSONObject.fromObject(JSONObject.java:159)
	at net.sf.json.util.JSONTokener.nextValue(JSONTokener.java:348)
	at net.sf.json.JSONArray._fromJSONTokener(JSONArray.java:1131)
	at net.sf.json.JSONArray.fromObject(JSONArray.java:125)
	at net.sf.json.util.JSONTokener.nextValue(JSONTokener.java:351)
	at net.sf.json.JSONObject._fromJSONTokener(JSONObject.java:1008)
	at net.sf.json.JSONObject._fromString(JSONObject.java:1201)
	at net.sf.json.JSONObject.fromObject(JSONObject.java:165)
	at net.sf.json.JSONObject.fromObject(JSONObject.java:134)
	at list.Mail163ContactList.getContactUser(Mail163ContactList.java:113)
	at list.MailListTest.test163GetContactList2(MailListTest.java:22)
	at sun.reflect.NativeMethodAccessorImpl.invoke0(Native Method)
	at sun.reflect.NativeMethodAccessorImpl.invoke(NativeMethodAccessorImpl.java:39)
	at sun.reflect.DelegatingMethodAccessorImpl.invoke(DelegatingMethodAccessorImpl.java:25)
	at java.lang.reflect.Method.invoke(Method.java:597)
	at org.junit.runners.model.FrameworkMethod$1.runReflectiveCall(FrameworkMethod.java:44)
	at org.junit.internal.runners.model.ReflectiveCallable.run(ReflectiveCallable.java:15)
	at org.junit.runners.model.FrameworkMethod.invokeExplosively(FrameworkMethod.java:41)
	at org.junit.internal.runners.statements.InvokeMethod.evaluate(InvokeMethod.java:20)
	at org.junit.runners.BlockJUnit4ClassRunner.runChild(BlockJUnit4ClassRunner.java:76)
	at org.junit.runners.BlockJUnit4ClassRunner.runChild(BlockJUnit4ClassRunner.java:50)
	at org.junit.runners.ParentRunner$3.run(ParentRunner.java:193)
	at org.junit.runners.ParentRunner$1.schedule(ParentRunner.java:52)
	at org.junit.runners.ParentRunner.runChildren(ParentRunner.java:191)
	at org.junit.runners.ParentRunner.access$000(ParentRunner.java:42)
	at org.junit.runners.ParentRunner$2.evaluate(ParentRunner.java:184)
	at org.junit.runners.ParentRunner.run(ParentRunner.java:236)
	at org.apache.maven.surefire.junit4.JUnit4TestSet.execute(JUnit4TestSet.java:62)
	at org.apache.maven.surefire.suite.AbstractDirectoryTestSuite.executeTestSet(AbstractDirectoryTestSuite.java:140)
	at org.apache.maven.surefire.suite.AbstractDirectoryTestSuite.execute(AbstractDirectoryTestSuite.java:127)
	at org.apache.maven.surefire.Surefire.run(Surefire.java:177)
	at sun.reflect.NativeMethodAccessorImpl.invoke0(Native Method)
	at sun.reflect.NativeMethodAccessorImpl.invoke(NativeMethodAccessorImpl.java:39)
	at sun.reflect.DelegatingMethodAccessorImpl.invoke(DelegatingMethodAccessorImpl.java:25)
	at java.lang.reflect.Method.invoke(Method.java:597)
	at org.apache.maven.surefire.booter.SurefireBooter.runSuitesInProcess(SurefireBooter.java:345)
	at org.apache.maven.surefire.booter.SurefireBooter.main(SurefireBooter.java:1009)
</error>
  </testcase>
</testsuite>